<?xml version="1.0" encoding="UTF-8"?>
<testsuite name="ru.stqa.pft.sandbox.PointTests" tests="2" skipped="0" failures="0" errors="0" timestamp="2018-06-02T10:19:59" hostname="Владимир-ПК" time="0.0">
  <properties/>
  <testcase name="testPointOne" classname="ru.stqa.pft.sandbox.PointTests" time="0.0"/>
  <testcase name="testPointTwo" classname="ru.stqa.pft.sandbox.PointTests" time="0.0"/>
  <system-out><![CDATA[]]></system-out>
  <system-err><![CDATA[]]></system-err>
</testsuite>
