<?xml version="1.0" encoding="UTF-8"?>
<testsuite name="ru.stqa.pft.addressbook.tests.GroupDeletionTests" tests="1" skipped="0" failures="0" errors="0" timestamp="2018-05-07T15:48:33" hostname="Владимир-ПК" time="2.68">
  <properties/>
  <testcase name="testGroupDelition" classname="ru.stqa.pft.addressbook.tests.GroupDeletionTests" time="2.68"/>
  <system-out><![CDATA[]]></system-out>
  <system-err><![CDATA[]]></system-err>
</testsuite>
