<?xml version="1.0" encoding="UTF-8"?>
<testsuite name="ru.stqa.pft.addressbook.tests.GroupDeletionTests" tests="1" skipped="1" failures="0" errors="0" timestamp="2018-06-04T17:54:59" hostname="Владимир-ПК" time="0.0">
  <properties/>
  <testcase name="testGroupDelition" classname="ru.stqa.pft.addressbook.tests.GroupDeletionTests" time="0.0">
    <skipped/>
  </testcase>
  <system-out><![CDATA[]]></system-out>
  <system-err><![CDATA[]]></system-err>
</testsuite>
