<?xml version="1.0" encoding="UTF-8"?>
<testsuite name="ru.stqa.pft.addressbook.tests.ContactCreationTests" tests="1" skipped="0" failures="0" errors="0" timestamp="2018-05-07T16:40:45" hostname="Владимир-ПК" time="11.701">
  <properties/>
  <testcase name="testContactCreation[0](ContactData{id='2147483647', firstName='FirstNameTest0', lastName='LastNameTest0'})" classname="ru.stqa.pft.addressbook.tests.ContactCreationTests" time="11.701"/>
  <system-out><![CDATA[]]></system-out>
  <system-err><![CDATA[]]></system-err>
</testsuite>
