<?xml version="1.0" encoding="UTF-8"?>
<testsuite name="ru.stqa.pft.addressbook.tests.ContactCreationTests" tests="3" skipped="0" failures="0" errors="0" timestamp="2018-05-07T15:30:40" hostname="Владимир-ПК" time="21.339">
  <properties/>
  <testcase name="testContactCreation[0](ContactData{id='2147483647', firstName='FirstNameTest0', lastName='LastNameTest0'})" classname="ru.stqa.pft.addressbook.tests.ContactCreationTests" time="12.165"/>
  <testcase name="testContactCreation[1](ContactData{id='2147483647', firstName='FirstNameTest1', lastName='LastNameTest1'})" classname="ru.stqa.pft.addressbook.tests.ContactCreationTests" time="4.488"/>
  <testcase name="testContactCreation[2](ContactData{id='2147483647', firstName='FirstNameTest2', lastName='LastNameTest2'})" classname="ru.stqa.pft.addressbook.tests.ContactCreationTests" time="4.685"/>
  <system-out><![CDATA[]]></system-out>
  <system-err><![CDATA[]]></system-err>
</testsuite>
